<?xml version="1.0" encoding="UTF-8"?>
<!-- Generated by org.testng.reporters.JUnitReportReporter -->
<testsuite hostname="LAPTOP-BBC86S00" failures="0" tests="1" name="TestCases.Login_test" time="0.054" errors="0" timestamp="2025-03-18T11:59:39 IST" skipped="0">
  <testcase classname="TestCases.Login_test" name="loginTest" time="0.054"/>
</testsuite> <!-- TestCases.Login_test -->
